<?xml version="1.0" encoding="utf-8" standalone="no"?>
<test-results xmlns:xsi="http://www.w3.org/2001/XMLSchema-instance" xsi:noNamespaceSchemaLocation="nunit_schema_2.5.xsd" name="Pester" total="2" errors="0" failures="0" not-run="0" inconclusive="0" ignored="0" skipped="0" invalid="0" date="2025-07-24" time="22:34:18">
  <environment user-domain="ATMOSMAIN" cwd="C:\Users\renev\Documents\PowerShell\Modules\GenXdev.Media\1.216.2025" platform="Microsoft Windows 11 Pro|C:\WINDOWS|\Device\Harddisk0\Partition3" clr-version="9.0.6" os-version="10.0.26100" machine-name="ATMOSMAIN" nunit-version="2.5.8.0" user="renev" />
  <culture-info current-culture="en-150" current-uiculture="en-GB" />
  <test-suite type="TestFixture" name="Pester" executed="True" result="Success" success="True" time="2.1896" asserts="0" description="Pester">
    <results>
      <test-suite type="TestFixture" name="C:\Users\renev\Documents\PowerShell\Modules\GenXdev.Media\1.216.2025\Tests\GenXdev.Media.ytdlp\EnsureYtdlp.Tests.ps1" executed="True" result="Success" success="True" time="1.0059" asserts="0" description="C:\Users\renev\Documents\PowerShell\Modules\GenXdev.Media\1.216.2025\Tests\GenXdev.Media.ytdlp\EnsureYtdlp.Tests.ps1">
        <results>
          <test-suite type="TestFixture" name="EnsureYtdlp" executed="True" result="Success" success="True" time="0.9238" asserts="0" description="EnsureYtdlp">
            <results>
              <test-case description="should pass PSScriptAnalyzer rules" name="EnsureYtdlp.should pass PSScriptAnalyzer rules" time="0.9102" asserts="0" success="True" result="Success" executed="True" />
            </results>
          </test-suite>
        </results>
      </test-suite>
      <test-suite type="TestFixture" name="C:\Users\renev\Documents\PowerShell\Modules\GenXdev.Media\1.216.2025\Tests\GenXdev.Media.ytdlp\Invoke-YTDlpSaveVideo.Tests.ps1" executed="True" result="Success" success="True" time="1.1837" asserts="0" description="C:\Users\renev\Documents\PowerShell\Modules\GenXdev.Media\1.216.2025\Tests\GenXdev.Media.ytdlp\Invoke-YTDlpSaveVideo.Tests.ps1">
        <results>
          <test-suite type="TestFixture" name="Invoke-YTDlpSaveVideo" executed="True" result="Success" success="True" time="1.1042" asserts="0" description="Invoke-YTDlpSaveVideo">
            <results>
              <test-case description="should pass PSScriptAnalyzer rules" name="Invoke-YTDlpSaveVideo.should pass PSScriptAnalyzer rules" time="1.0906" asserts="0" success="True" result="Success" executed="True" />
            </results>
          </test-suite>
        </results>
      </test-suite>
    </results>
  </test-suite>
</test-results>